# JRE version: Java(TM) SE Runtime Environment (15.0+36) (build 15+36-1562)
# Java VM: Java HotSpot(TM) 64-Bit Server VM (15+36-1562, mixed mode, sharing, tiered, compressed oops, g1 gc, windows-amd64)
GC Precious Log:
 CPUs: 4 total, 4 available
 Memory: 7876M
 Large Page Support: Disabled
 NUMA Support: Disabled
 Compressed Oops: Enabled (32-bit)
 Heap Region Size: 1M
 Heap Min Capacity: 256M
 Heap Initial Capacity: 256M
 Heap Max Capacity: 512M
 Pre-touch: Disabled
 Parallel Workers: 4
 Concurrent Workers: 1
 Concurrent Refinement Workers: 4
 Periodic GC: Disabled
Heap:
 garbage-first heap   total 262144K, used 45971K [0x00000000e0000000, 0x0000000100000000)
  region size 1024K, 38 young (38912K), 3 survivors (3072K)
 Metaspace       used 11134K, capacity 11412K, committed 11648K, reserved 264192K
  class space    used 1514K, capacity 1587K, committed 1664K, reserved 253952K
GC Heap History (6 events):
Event: 1.995 GC heap before
{Heap before GC invocations=0 (full 0):
 garbage-first heap   total 262144K, used 18432K [0x00000000e0000000, 0x0000000100000000)
  region size 1024K, 13 young (13312K), 0 survivors (0K)
 Metaspace       used 1637K, capacity 5081K, committed 5120K, reserved 262144K
  class space    used 153K, capacity 499K, committed 512K, reserved 253952K
}
Event: 2.008 GC heap after
{Heap after GC invocations=1 (full 0):
 garbage-first heap   total 262144K, used 8002K [0x00000000e0000000, 0x0000000100000000)
  region size 1024K, 2 young (2048K), 2 survivors (2048K)
 Metaspace       used 1637K, capacity 5081K, committed 5120K, reserved 262144K
  class space    used 153K, capacity 499K, committed 512K, reserved 253952K
}
Event: 3.008 GC heap before
{Heap before GC invocations=1 (full 0):
 garbage-first heap   total 262144K, used 20290K [0x00000000e0000000, 0x0000000100000000)
  region size 1024K, 14 young (14336K), 2 survivors (2048K)
 Metaspace       used 3977K, capacity 6533K, committed 6656K, reserved 262144K
  class space    used 482K, capacity 727K, committed 768K, reserved 253952K
}
Event: 3.012 GC heap after
{Heap after GC invocations=2 (full 0):
 garbage-first heap   total 262144K, used 8971K [0x00000000e0000000, 0x0000000100000000)
  region size 1024K, 1 young (1024K), 1 survivors (1024K)
 Metaspace       used 3977K, capacity 6533K, committed 6656K, reserved 262144K
  class space    used 482K, capacity 727K, committed 768K, reserved 253952K
}
Event: 3.502 GC heap before
{Heap before GC invocations=2 (full 0):
 garbage-first heap   total 262144K, used 30475K [0x00000000e0000000, 0x0000000100000000)
  region size 1024K, 23 young (23552K), 1 survivors (1024K)
 Metaspace       used 4085K, capacity 6533K, committed 6656K, reserved 262144K
  class space    used 482K, capacity 727K, committed 768K, reserved 253952K
}
Event: 3.505 GC heap after
{Heap after GC invocations=3 (full 0):
 garbage-first heap   total 262144K, used 11155K [0x00000000e0000000, 0x0000000100000000)
  region size 1024K, 3 young (3072K), 3 survivors (3072K)
 Metaspace       used 4085K, capacity 6533K, committed 6656K, reserved 262144K
  class space    used 482K, capacity 727K, committed 768K, reserved 253952K
}

